<?xml version="1.0" encoding="UTF-8"?>
<Site BuildName="(empty)"
	BuildStamp="20240904-0428-Experimental"
	Name="sanchit-IdeaPad-Gaming-3-15ACH6"
	Generator="ctest-3.16.3"
	CompilerName="/usr/lib/ccache/c++"
	CompilerVersion="9.4.0"
	OSName="Linux"
	Hostname="sanchit-IdeaPad-Gaming-3-15ACH6"
	OSRelease="5.15.0-119-generic"
	OSVersion="#129~20.04.1-Ubuntu SMP Wed Aug 7 13:07:13 UTC 2024"
	OSPlatform="x86_64"
	Is64Bits="1"
	VendorString="AuthenticAMD"
	VendorID="Advanced Micro Devices"
	FamilyID="25"
	ModelID="80"
	ProcessorCacheSize="512"
	NumberOfLogicalCPU="12"
	NumberOfPhysicalCPU="6"
	TotalVirtualMemory="2047"
	TotalPhysicalMemory="13821"
	LogicalProcessorsPerPhysical="2"
	ProcessorClockFrequency="1300"
	>
	<Testing>
		<StartDateTime>Sep 04 12:56 IST</StartDateTime>
		<StartTestTime>1725434772</StartTestTime>
		<TestList/>
		<EndDateTime>Sep 04 12:56 IST</EndDateTime>
		<EndTestTime>1725434772</EndTestTime>
		<ElapsedMinutes>0</ElapsedMinutes>
	</Testing>
</Site>
